<?xml version="1.0" encoding="UTF-8"?>
<!-- Generated by org.testng.reporters.JUnitReportReporter -->
<testsuite skipped="0" hostname="Ramesh" name="com.sel.qa.testcases.InputFormPageTest" tests="3" failures="0" timestamp="2020-03-21T13:58:54 IST" time="49.118" errors="0">
  <testcase name="demoHomePageTitleTest" time="21.927" classname="com.sel.qa.testcases.InputFormPageTest"/>
  <system-out/>
  <testcase name="yourMessageTest" time="17.620" classname="com.sel.qa.testcases.InputFormPageTest"/>
  <system-out/>
  <testcase name="addTwoInputTest" time="9.571" classname="com.sel.qa.testcases.InputFormPageTest"/>
  <system-out/>
</testsuite> <!-- com.sel.qa.testcases.InputFormPageTest -->
