<?xml version="1.0" encoding="UTF-8"?>
<!-- Generated by org.testng.reporters.JUnitReportReporter -->
<testsuite skipped="0" hostname="Ramesh" name="com.sel.qa.testcases.DemoHomePageTest" tests="4" failures="0" timestamp="2020-03-21T14:02:06 IST" time="123.508" errors="0">
  <testcase name="demoHomePageTitleTest" time="56.661" classname="com.sel.qa.testcases.DemoHomePageTest"/>
  <system-out/>
  <testcase name="selEasyImageTest" time="18.654" classname="com.sel.qa.testcases.DemoHomePageTest"/>
  <system-out/>
  <testcase name="navigateSimpleFormTest" time="26.111" classname="com.sel.qa.testcases.DemoHomePageTest"/>
  <system-out/>
  <testcase name="validateInputFormsDD" time="22.082" classname="com.sel.qa.testcases.DemoHomePageTest"/>
  <system-out/>
</testsuite> <!-- com.sel.qa.testcases.DemoHomePageTest -->
